<?xml version="1.0" encoding="utf-8"?><testsuites name="pytest tests"><testsuite name="pytest" errors="0" failures="0" skipped="0" tests="9" time="21.353" timestamp="2026-04-13T19:40:19.658841+00:00" hostname="agent-env-9b0bb44a-12b7-4eb7-84fe-98ea1841d0ec"><testcase classname="tests.test_email_integration_lmr.TestEmailIntegrationSetup" name="test_backend_is_running" time="0.214" /><testcase classname="tests.test_email_integration_lmr.TestEmailIntegrationSetup" name="test_email_service_status" time="0.000" /><testcase classname="tests.test_email_integration_lmr.TestAnvisaAlertSetup" name="test_trigger_lmr_alert_with_email" time="2.386" /><testcase classname="tests.test_email_integration_lmr.TestOportunidadesAlertasCollection" name="test_alert_has_email_fields" time="2.293" /><testcase classname="tests.test_email_integration_lmr.TestNotificacoesEndpoint" name="test_notificacoes_returns_email_fields" time="0.132" /><testcase classname="tests.test_email_integration_lmr.TestNoDuplicateAlerts" name="test_no_duplicate_alerts_within_24h" time="3.622" /><testcase classname="tests.test_email_integration_lmr.TestCacheClearStillWorks" name="test_cache_clear_clears_both_caches" time="8.573" /><testcase classname="tests.test_email_integration_lmr.TestSmartCacheStillWorks" name="test_lmr_analysis_uses_smart_cache" time="0.658" /><testcase classname="tests.test_email_integration_lmr.TestEmailDestination" name="test_email_sent_to_verified_email" time="3.344" /></testsuite></testsuites>