<?xml version="1.0" encoding="utf-8"?><testsuites name="pytest tests"><testsuite name="pytest" errors="0" failures="0" skipped="0" tests="13" time="85.670" timestamp="2026-01-16T17:38:46.014115+00:00" hostname="agent-env-b36952ff-9c14-4156-8678-7d92c7cb879b"><testcase classname="tests.test_v63_timbrado.TestEmpresasWithTimbrado" name="test_empresas_returns_timbrado_fields" time="0.062" /><testcase classname="tests.test_v63_timbrado.TestEmpresasWithTimbrado" name="test_empresa_c2_no_timbrado" time="0.040" /><testcase classname="tests.test_v63_timbrado.TestTimbradoUpload" name="test_upload_timbrado_success" time="0.058" /><testcase classname="tests.test_v63_timbrado.TestTimbradoUpload" name="test_upload_timbrado_invalid_extension" time="0.040" /><testcase classname="tests.test_v63_timbrado.TestVerificarTimbrado" name="test_verificar_timbrado_empresa_c1" time="0.037" /><testcase classname="tests.test_v63_timbrado.TestVerificarTimbrado" name="test_verificar_timbrado_empresa_c2" time="0.041" /><testcase classname="tests.test_v63_timbrado.TestVerificarTimbrado" name="test_verificar_timbrado_empresa_inexistente" time="0.040" /><testcase classname="tests.test_v63_timbrado.TestDAMAProcess" name="test_dama_process_with_registered_timbrado" time="21.070" /><testcase classname="tests.test_v63_timbrado.TestDAMAProcess" name="test_dama_process_empresa_without_timbrado_fails" time="0.073" /><testcase classname="tests.test_v63_timbrado.TestDAMAProcess" name="test_dama_process_with_sent_timbrado" time="17.256" /><testcase classname="tests.test_v63_timbrado.TestDAMAProcess" name="test_dama_process_invalid_edital_extension" time="0.067" /><testcase classname="tests.test_v63_timbrado.TestZIPContents" name="test_zip_contains_proposta_comercial" time="25.609" /><testcase classname="tests.test_v63_timbrado.TestZIPContents" name="test_zip_contains_declaracoes" time="21.214" /></testsuite></testsuites>