<?xml version="1.0" encoding="utf-8"?><testsuites name="pytest tests"><testsuite name="pytest" errors="0" failures="0" skipped="0" tests="9" time="57.329" timestamp="2026-03-20T20:50:01.199098+00:00" hostname="agent-env-9b0bb44a-12b7-4eb7-84fe-98ea1841d0ec"><testcase classname="backend.tests.test_janela_aberta_p0_fix.TestJanelaAbertaP0Fix" name="test_amoxicilina_janela_aberta_false" time="12.543" /><testcase classname="backend.tests.test_janela_aberta_p0_fix.TestJanelaAbertaP0Fix" name="test_insulina_janela_aberta_false_despite_pncp" time="5.380" /><testcase classname="backend.tests.test_janela_aberta_p0_fix.TestJanelaAbertaP0Fix" name="test_pncp_results_have_indicador_mercado" time="4.845" /><testcase classname="backend.tests.test_janela_aberta_p0_fix.TestJanelaAbertaP0Fix" name="test_pncp_results_tipo_alerta_indicador_mercado" time="7.953" /><testcase classname="backend.tests.test_janela_aberta_p0_fix.TestJanelaAbertaP0Fix" name="test_pncp_results_no_janela_aberta_detectada" time="5.372" /><testcase classname="backend.tests.test_janela_aberta_p0_fix.TestJanelaAbertaP0Fix" name="test_analise_dama_has_publicacao_oficial" time="4.231" /><testcase classname="backend.tests.test_janela_aberta_p0_fix.TestJanelaAbertaTrueScenario" name="test_desabastecimento_keyword_search" time="9.052" /><testcase classname="backend.tests.test_janela_aberta_p0_fix.TestResponseStructure" name="test_response_has_required_fields" time="3.871" /><testcase classname="backend.tests.test_janela_aberta_p0_fix.TestResponseStructure" name="test_fontes_consultadas_structure" time="4.018" /></testsuite></testsuites>