<?xml version="1.0" encoding="utf-8"?><testsuites name="pytest tests"><testsuite name="pytest" errors="0" failures="0" skipped="0" tests="12" time="68.063" timestamp="2026-03-20T16:23:18.953847+00:00" hostname="agent-env-e363ded0-ecb0-41cd-ba4e-e116afe8ab63"><testcase classname="backend.tests.test_buscar_medicamento_v2_dama.TestBuscarMedicamentoDamaFeatures" name="test_somatropina_returns_results" time="3.747" /><testcase classname="backend.tests.test_buscar_medicamento_v2_dama.TestBuscarMedicamentoDamaFeatures" name="test_somatropina_janela_aberta_flag" time="7.336" /><testcase classname="backend.tests.test_buscar_medicamento_v2_dama.TestBuscarMedicamentoDamaFeatures" name="test_somatropina_pncp_contratacao_direta_2026" time="6.058" /><testcase classname="backend.tests.test_buscar_medicamento_v2_dama.TestUstequinumabeDisensaEmergencial" name="test_ustequinumabe_returns_results" time="4.254" /><testcase classname="backend.tests.test_buscar_medicamento_v2_dama.TestUstequinumabeDisensaEmergencial" name="test_ustequinumabe_dispensa_emergencial_feb_2026" time="15.482" /><testcase classname="backend.tests.test_buscar_medicamento_v2_dama.TestUstequinumabeDisensaEmergencial" name="test_ustequinumabe_janela_aberta_true" time="3.094" /><testcase classname="backend.tests.test_buscar_medicamento_v2_dama.TestTemporalFilter" name="test_no_pre_2025_results" time="6.542" /><testcase classname="backend.tests.test_buscar_medicamento_v2_dama.TestRecenteTag" name="test_recente_tag_for_2026_results" time="3.682" /><testcase classname="backend.tests.test_buscar_medicamento_v2_dama.TestDynamicPriority" name="test_priority_order" time="3.814" /><testcase classname="backend.tests.test_buscar_medicamento_v2_dama.TestFontesConsultadas" name="test_six_sources_consulted" time="6.193" /><testcase classname="backend.tests.test_buscar_medicamento_v2_dama.TestResponseStructure" name="test_response_has_required_fields" time="3.657" /><testcase classname="backend.tests.test_buscar_medicamento_v2_dama.TestResponseStructure" name="test_resultado_risco_values" time="4.136" /></testsuite></testsuites>