<?xml version="1.0" encoding="utf-8"?><testsuites name="pytest tests"><testsuite name="pytest" errors="0" failures="0" skipped="0" tests="10" time="37.670" timestamp="2026-03-09T17:42:17.537454+00:00" hostname="agent-env-41394db3-a2e3-429c-a07f-2d323bfa3bce"><testcase classname="backend.tests.test_gsm_v77_links.TestUnifiedSearchV77" name="test_search_canabidiol_returns_results" time="3.649" /><testcase classname="backend.tests.test_gsm_v77_links.TestUnifiedSearchV77" name="test_search_canabidiol_no_conlicitacao_links" time="3.370" /><testcase classname="backend.tests.test_gsm_v77_links.TestUnifiedSearchV77" name="test_search_insulina_returns_results" time="5.097" /><testcase classname="backend.tests.test_gsm_v77_links.TestUnifiedSearchV77" name="test_search_insulina_no_conlicitacao_links" time="4.436" /><testcase classname="backend.tests.test_gsm_v77_links.TestUnifiedSearchV77" name="test_search_returns_original_portal_links" time="4.364" /><testcase classname="backend.tests.test_gsm_v77_links.TestUnifiedSearchV77" name="test_fontes_field_structure" time="4.180" /><testcase classname="backend.tests.test_gsm_v77_links.TestUnifiedSearchV77" name="test_result_structure" time="4.529" /><testcase classname="backend.tests.test_gsm_v77_links.TestUnifiedSearchV77" name="test_performance_source_indicator" time="4.147" /><testcase classname="backend.tests.test_gsm_v77_links.TestSearchValidation" name="test_empty_query_rejected" time="0.298" /><testcase classname="backend.tests.test_gsm_v77_links.TestSearchValidation" name="test_special_characters_handled" time="3.539" /></testsuite></testsuites>