<?xml version="1.0" encoding="utf-8"?><testsuites name="pytest tests"><testsuite name="pytest" errors="0" failures="0" skipped="0" tests="9" time="34.331" timestamp="2026-04-13T17:52:18.349779+00:00" hostname="agent-env-9b0bb44a-12b7-4eb7-84fe-98ea1841d0ec"><testcase classname="tests.test_dama_checklist_prova.TestDamaChecklist" name="test_checklist_insulina_basic" time="5.831" /><testcase classname="tests.test_dama_checklist_prova.TestDamaChecklist" name="test_checklist_with_normas" time="8.927" /><testcase classname="tests.test_dama_checklist_prova.TestDamaChecklist" name="test_checklist_check_structure" time="10.471" /><testcase classname="tests.test_dama_checklist_prova.TestDamaChecklist" name="test_checklist_empty_medicamento" time="0.170" /><testcase classname="tests.test_dama_checklist_prova.TestDamaChecklist" name="test_checklist_missing_medicamento" time="0.120" /><testcase classname="tests.test_dama_checklist_prova.TestProvaDocumental" name="test_prova_documental_returns_pdf" time="0.232" /><testcase classname="tests.test_dama_checklist_prova.TestProvaDocumental" name="test_prova_documental_minimal_data" time="0.112" /><testcase classname="tests.test_dama_checklist_prova.TestProvaDocumental" name="test_prova_documental_with_classificacao_dama" time="0.133" /><testcase classname="tests.test_dama_checklist_prova.TestIntegration" name="test_checklist_then_prova" time="8.271" /></testsuite></testsuites>