<?xml version="1.0" encoding="utf-8"?><testsuites name="pytest tests"><testsuite name="pytest" errors="0" failures="0" skipped="0" tests="12" time="17.754" timestamp="2026-03-17T16:26:22.433141+00:00" hostname="agent-env-d38ef6e0-520c-46f9-8d68-5546c1d0b1e0"><testcase classname="backend.tests.test_cmed_scraper.TestCMEDApiEndpoints" name="test_alertas_endpoint_returns_200" time="0.293" /><testcase classname="backend.tests.test_cmed_scraper.TestCMEDApiEndpoints" name="test_cmed_items_have_correct_fonte" time="0.140" /><testcase classname="backend.tests.test_cmed_scraper.TestCMEDApiEndpoints" name="test_cmed_items_have_janela_importacao_true" time="0.127" /><testcase classname="backend.tests.test_cmed_scraper.TestCMEDApiEndpoints" name="test_cmed_items_have_dose_field" time="0.126" /><testcase classname="backend.tests.test_cmed_scraper.TestCMEDApiEndpoints" name="test_cmed_items_have_fase_cmed_field" time="0.144" /><testcase classname="backend.tests.test_cmed_scraper.TestCMEDApiEndpoints" name="test_expected_cmed_medicines_present" time="0.156" /><testcase classname="backend.tests.test_cmed_scraper.TestCMEDStats" name="test_stats_janelas_abertas_count" time="0.129" /><testcase classname="backend.tests.test_cmed_scraper.TestCMEDStats" name="test_cmed_count_matches_janelas_abertas" time="0.133" /><testcase classname="backend.tests.test_cmed_scraper.TestCMEDEsclarecimento" name="test_esclarecimento_with_cmed_medicine" time="15.961" /><testcase classname="backend.tests.test_cmed_scraper.TestCMEDItemStructure" name="test_cmed_item_required_fields" time="0.158" /><testcase classname="backend.tests.test_cmed_scraper.TestCMEDItemStructure" name="test_cmed_item_risco_is_alto" time="0.192" /><testcase classname="backend.tests.test_cmed_scraper.TestCMEDItemStructure" name="test_cmed_item_oportunidade_is_importacao" time="0.140" /></testsuite></testsuites>