<?xml version="1.0" encoding="utf-8"?><testsuites name="pytest tests"><testsuite name="pytest" errors="0" failures="0" skipped="0" tests="11" time="38.963" timestamp="2026-04-13T18:22:18.590122+00:00" hostname="agent-env-9b0bb44a-12b7-4eb7-84fe-98ea1841d0ec"><testcase classname="tests.test_lmr_revogacao.TestLmrAnalysis" name="test_lmr_analysis_endpoint_returns_200" time="0.234" /><testcase classname="tests.test_lmr_revogacao.TestLmrAnalysis" name="test_lmr_analysis_with_limite_param" time="0.148" /><testcase classname="tests.test_lmr_revogacao.TestLmrAnaliseMedicamento" name="test_lmr_analise_medicamento_success" time="0.116" /><testcase classname="tests.test_lmr_revogacao.TestLmrAnaliseMedicamento" name="test_lmr_analise_medicamento_with_margin_calculation" time="0.166" /><testcase classname="tests.test_lmr_revogacao.TestLmrAnaliseMedicamento" name="test_lmr_analise_medicamento_empty_medicamento_returns_400" time="0.116" /><testcase classname="tests.test_lmr_revogacao.TestChecklistRevogacaoCruzada" name="test_checklist_with_obsolete_norm_rdc_327_2019" time="7.738" /><testcase classname="tests.test_lmr_revogacao.TestChecklistRevogacaoCruzada" name="test_checklist_returns_sugestao_substituicao_for_revoked_norms" time="11.113" /><testcase classname="tests.test_lmr_revogacao.TestChecklistRevogacaoCruzada" name="test_checklist_returns_normas_vigentes_referencia" time="5.843" /><testcase classname="tests.test_lmr_revogacao.TestChecklistRevogacaoCruzada" name="test_checklist_basic_without_normas" time="9.275" /><testcase classname="tests.test_lmr_revogacao.TestChecklistRevogacaoCruzada" name="test_checklist_empty_medicamento_returns_400" time="0.197" /><testcase classname="tests.test_lmr_revogacao.TestChecklistLmrIntegration" name="test_checklist_includes_lmr_check" time="3.943" /></testsuite></testsuites>