<?xml version="1.0" encoding="utf-8"?><testsuites name="pytest tests"><testsuite name="pytest" errors="0" failures="0" skipped="0" tests="22" time="32.905" timestamp="2026-03-18T17:44:33.973820+00:00" hostname="agent-env-e363ded0-ecb0-41cd-ba4e-e116afe8ab63"><testcase classname="backend.tests.test_dama_vigencia.TestDamaVigenciaStats" name="test_stats_returns_200" time="0.305" /><testcase classname="backend.tests.test_dama_vigencia.TestDamaVigenciaStats" name="test_stats_has_required_fields" time="0.178" /><testcase classname="backend.tests.test_dama_vigencia.TestDamaVigenciaStats" name="test_stats_has_vigentes_com_alteracoes" time="0.146" /><testcase classname="backend.tests.test_dama_vigencia.TestDamaVigenciaCheck" name="test_check_resolucao_07_2022_caduca" time="0.152" /><testcase classname="backend.tests.test_dama_vigencia.TestDamaVigenciaCheck" name="test_check_resolucao_02_2004_vigente" time="0.162" /><testcase classname="backend.tests.test_dama_vigencia.TestDamaVigenciaCheck" name="test_check_returns_alerta_message" time="0.186" /><testcase classname="backend.tests.test_dama_vigencia.TestDamaVigenciaCheck" name="test_check_returns_referencia_buscada" time="0.130" /><testcase classname="backend.tests.test_dama_vigencia.TestDamaVigenciaCheck" name="test_check_unknown_resolution" time="0.943" /><testcase classname="backend.tests.test_dama_vigencia.TestDamaVigenciaResolucoes" name="test_resolucoes_returns_200" time="0.135" /><testcase classname="backend.tests.test_dama_vigencia.TestDamaVigenciaResolucoes" name="test_resolucoes_returns_list" time="0.142" /><testcase classname="backend.tests.test_dama_vigencia.TestDamaVigenciaResolucoes" name="test_resolucoes_have_required_fields" time="0.145" /><testcase classname="backend.tests.test_dama_vigencia.TestDamaVigenciaSync" name="test_sync_returns_200" time="0.924" /><testcase classname="backend.tests.test_dama_vigencia.TestDamaVigenciaSync" name="test_sync_returns_total" time="0.959" /><testcase classname="backend.tests.test_dama_vigencia.TestDamaVigenciaValidarEsclarecimento" name="test_validar_returns_200" time="0.186" /><testcase classname="backend.tests.test_dama_vigencia.TestDamaVigenciaValidarEsclarecimento" name="test_validar_returns_bloqueios" time="0.176" /><testcase classname="backend.tests.test_dama_vigencia.TestDamaVigenciaValidarEsclarecimento" name="test_validar_checks_key_norms" time="0.131" /><testcase classname="backend.tests.test_dama_vigencia.TestDamaVigenciaValidarEsclarecimento" name="test_validar_identifies_07_2022_as_bloqueio" time="0.165" /><testcase classname="backend.tests.test_dama_vigencia.TestEsclarecimentoWithVigencia" name="test_esclarecimento_without_force_returns_bloqueado" time="0.176" /><testcase classname="backend.tests.test_dama_vigencia.TestEsclarecimentoWithVigencia" name="test_esclarecimento_with_force_generates_text" time="26.967" /><testcase classname="backend.tests.test_dama_vigencia.TestEsclarecimentoWithVigencia" name="test_esclarecimento_required_field_medicamento" time="0.174" /><testcase classname="backend.tests.test_dama_vigencia.TestVigenciaStatusValues" name="test_caduca_status_value" time="0.200" /><testcase classname="backend.tests.test_dama_vigencia.TestVigenciaStatusValues" name="test_vigente_status_values" time="0.138" /></testsuite></testsuites>