<?xml version="1.0" encoding="utf-8"?><testsuites name="pytest tests"><testsuite name="pytest" errors="0" failures="0" skipped="0" tests="8" time="15.820" timestamp="2026-03-17T18:58:06.020790+00:00" hostname="agent-env-f6118aa8-f34d-4aa6-8bb9-788fa234965e"><testcase classname="backend.tests.test_precos_service.TestPrecosSearch" name="test_precos_search_prolia_returns_only_denosumabe" time="2.825" /><testcase classname="backend.tests.test_precos_service.TestPrecosSearch" name="test_precos_search_denosumabe_returns_same_results" time="2.274" /><testcase classname="backend.tests.test_precos_service.TestPrecosSearch" name="test_precos_search_response_has_apresentacoes_array" time="2.617" /><testcase classname="backend.tests.test_precos_service.TestPrecosSearch" name="test_precos_agregacoes_have_correct_format" time="0.620" /><testcase classname="backend.tests.test_precos_service.TestPrecosSearch" name="test_precos_api_with_uf_filter" time="2.581" /><testcase classname="backend.tests.test_precos_service.TestPrecosSearch" name="test_precos_api_endpoint_exists" time="0.634" /><testcase classname="backend.tests.test_precos_service.TestPrecosFiltering" name="test_prolia_search_excludes_irrelevant_medications" time="2.659" /><testcase classname="backend.tests.test_precos_service.TestPrecosGrouping" name="test_apresentacoes_grouped_by_dosage" time="1.541" /></testsuite></testsuites>