<?xml version="1.0" encoding="utf-8"?><testsuites name="pytest tests"><testsuite name="pytest" errors="0" failures="0" skipped="0" tests="17" time="116.732" timestamp="2026-03-17T14:28:19.201688+00:00" hostname="agent-env-d38ef6e0-520c-46f9-8d68-5546c1d0b1e0"><testcase classname="backend.tests.test_anvisa_v5_structured_fields.TestAnvisaAlertasEndpoint" name="test_alertas_endpoint_returns_200" time="0.176" /><testcase classname="backend.tests.test_anvisa_v5_structured_fields.TestAnvisaAlertasEndpoint" name="test_alertas_has_correct_structure" time="0.139" /><testcase classname="backend.tests.test_anvisa_v5_structured_fields.TestAnvisaAlertasEndpoint" name="test_alertas_contain_new_structured_fields" time="0.130" /><testcase classname="backend.tests.test_anvisa_v5_structured_fields.TestAnvisaAlertasEndpoint" name="test_estatisticas_has_por_tipo" time="0.141" /><testcase classname="backend.tests.test_anvisa_v5_structured_fields.TestAnvisaAlertasEndpoint" name="test_estatisticas_has_importacao_excepcional_type" time="0.128" /><testcase classname="backend.tests.test_anvisa_v5_structured_fields.TestAnvisaAlertasEndpoint" name="test_estatisticas_has_decisao_judicial_type" time="0.143" /><testcase classname="backend.tests.test_anvisa_v5_structured_fields.TestAnvisaAtualizarEndpoint" name="test_atualizar_endpoint_returns_200" time="34.687" /><testcase classname="backend.tests.test_anvisa_v5_structured_fields.TestAnvisaAtualizarEndpoint" name="test_atualizar_returns_statistics" time="42.009" /><testcase classname="backend.tests.test_anvisa_v5_structured_fields.TestAnvisaAtualizarEndpoint" name="test_atualizar_estatisticas_has_por_tipo" time="37.855" /><testcase classname="backend.tests.test_anvisa_v5_structured_fields.TestAnvisaStatsEndpoint" name="test_stats_endpoint_returns_200" time="0.184" /><testcase classname="backend.tests.test_anvisa_v5_structured_fields.TestAnvisaStatsEndpoint" name="test_stats_has_required_fields" time="0.155" /><testcase classname="backend.tests.test_anvisa_v5_structured_fields.TestAlertasScoringBoosts" name="test_alerts_have_indice_oportunidade" time="0.154" /><testcase classname="backend.tests.test_anvisa_v5_structured_fields.TestAlertasScoringBoosts" name="test_janela_importacao_boost" time="0.143" /><testcase classname="backend.tests.test_anvisa_v5_structured_fields.TestTipoAlertaCategories" name="test_tipo_alerta_values" time="0.174" /><testcase classname="backend.tests.test_anvisa_v5_structured_fields.TestStructuredDataExtraction" name="test_numero_re_extraction" time="0.133" /><testcase classname="backend.tests.test_anvisa_v5_structured_fields.TestStructuredDataExtraction" name="test_decisao_judicial_flag" time="0.160" /><testcase classname="backend.tests.test_anvisa_v5_structured_fields.TestStructuredDataExtraction" name="test_tipo_documento_extraction" time="0.156" /></testsuite></testsuites>