<?xml version="1.0" encoding="utf-8"?><testsuites name="pytest tests"><testsuite name="pytest" errors="0" failures="0" skipped="0" tests="19" time="41.812" timestamp="2026-01-15T15:39:43.497303+00:00" hostname="agent-env-389a3e47-722e-40f3-ac67-fbf19c2d380d"><testcase classname="tests.test_backend_gsm.TestHealthAndBasics" name="test_listas_endpoint_returns_200" time="0.057" /><testcase classname="tests.test_backend_gsm.TestHealthAndBasics" name="test_radares_endpoint_returns_200" time="0.038" /><testcase classname="tests.test_backend_gsm.TestRadaresCRUD" name="test_create_radar" time="0.083" /><testcase classname="tests.test_backend_gsm.TestRadaresCRUD" name="test_create_and_get_radar" time="0.123" /><testcase classname="tests.test_backend_gsm.TestRadaresCRUD" name="test_update_radar" time="0.199" /><testcase classname="tests.test_backend_gsm.TestRadaresCRUD" name="test_delete_radar" time="0.155" /><testcase classname="tests.test_backend_gsm.TestRadaresCRUD" name="test_create_radar_missing_email" time="0.034" /><testcase classname="tests.test_backend_gsm.TestRadaresCRUD" name="test_radar_frequency_options" time="0.207" /><testcase classname="tests.test_backend_gsm.TestPrecosSearch" name="test_precos_search_basic" time="0.043" /><testcase classname="tests.test_backend_gsm.TestPrecosSearch" name="test_precos_search_with_limit" time="0.035" /><testcase classname="tests.test_backend_gsm.TestPrecosSearch" name="test_precos_search_result_structure" time="0.043" /><testcase classname="tests.test_backend_gsm.TestSearchLocal" name="test_search_by_medicamento" time="14.020" /><testcase classname="tests.test_backend_gsm.TestSearchLocal" name="test_search_by_municipio" time="0.053" /><testcase classname="tests.test_backend_gsm.TestSearchLocal" name="test_search_by_uf" time="8.536" /><testcase classname="tests.test_backend_gsm.TestSearchLocal" name="test_search_combined_filters" time="9.238" /><testcase classname="tests.test_backend_gsm.TestSearchLocal" name="test_search_result_structure" time="8.734" /><testcase classname="tests.test_backend_gsm.TestListas" name="test_list_listas" time="0.053" /><testcase classname="tests.test_backend_gsm.TestListas" name="test_lista_structure" time="0.041" /><testcase classname="tests.test_backend_gsm.TestCleanup" name="test_cleanup_test_radares" time="0.036" /></testsuite></testsuites>