<?xml version="1.0" encoding="utf-8"?><testsuites name="pytest tests"><testsuite name="pytest" errors="0" failures="0" skipped="0" tests="8" time="2.222" timestamp="2026-04-13T19:55:46.127772+00:00" hostname="agent-env-9b0bb44a-12b7-4eb7-84fe-98ea1841d0ec"><testcase classname="tests.test_prova_documental_lmr.TestProvaDocumentalLMREndpoint" name="test_prova_documental_nonexistent_id_returns_404" time="0.143" /><testcase classname="tests.test_prova_documental_lmr.TestProvaDocumentalLMREndpoint" name="test_prova_documental_returns_pdf_for_valid_alert" time="0.219" /><testcase classname="tests.test_prova_documental_lmr.TestLMRAlertLinkInMongoDB" name="test_lmr_analysis_creates_alert_with_correct_link" time="1.402" /><testcase classname="tests.test_prova_documental_lmr.TestEmailTemplateButtonText" name="test_email_service_button_text_for_dama_alert" time="0.012" /><testcase classname="tests.test_prova_documental_lmr.TestEmailTemplateButtonText" name="test_email_service_button_text_for_regular_edital" time="0.000" /><testcase classname="tests.test_prova_documental_lmr.TestSmartCacheForLMREndpoints" name="test_cache_stats_endpoint" time="0.109" /><testcase classname="tests.test_prova_documental_lmr.TestSmartCacheForLMREndpoints" name="test_cache_clear_endpoint" time="0.137" /><testcase classname="tests.test_prova_documental_lmr.TestNotificationEndpointWithEmailFields" name="test_notificacoes_oportunidades_returns_email_fields" time="0.153" /></testsuite></testsuites>