<?xml version="1.0" encoding="utf-8"?><testsuites name="pytest tests"><testsuite name="pytest" errors="0" failures="0" skipped="0" tests="11" time="106.978" timestamp="2026-03-09T21:29:36.403250+00:00" hostname="agent-env-0e1e5412-5d07-4de6-8969-20ed2d2fdbec"><testcase classname="backend.tests.test_anvisa_cruzamento.TestAnvisaAtualizar" name="test_atualizar_returns_coletados" time="36.115" /><testcase classname="backend.tests.test_anvisa_cruzamento.TestAnvisaAtualizar" name="test_atualizar_returns_processados" time="28.415" /><testcase classname="backend.tests.test_anvisa_cruzamento.TestAnvisaAtualizar" name="test_atualizar_returns_estatisticas" time="24.650" /><testcase classname="backend.tests.test_anvisa_cruzamento.TestAnvisaAlertas" name="test_alertas_returns_list" time="0.148" /><testcase classname="backend.tests.test_anvisa_cruzamento.TestAnvisaAlertas" name="test_alertas_have_medicamento_field" time="0.127" /><testcase classname="backend.tests.test_anvisa_cruzamento.TestAnvisaAlertas" name="test_alertas_have_required_fields" time="0.118" /><testcase classname="backend.tests.test_anvisa_cruzamento.TestAnvisaCruzarLicitacoes" name="test_cruzar_returns_cruzamento_dict" time="4.890" /><testcase classname="backend.tests.test_anvisa_cruzamento.TestAnvisaCruzarLicitacoes" name="test_cruzar_medicines_have_licitacoes" time="4.850" /><testcase classname="backend.tests.test_anvisa_cruzamento.TestAnvisaCruzarLicitacoes" name="test_cruzar_returns_resumo" time="3.403" /><testcase classname="backend.tests.test_anvisa_cruzamento.TestAnvisaCruzarLicitacoes" name="test_cruzar_licitacoes_have_required_fields" time="4.090" /><testcase classname="backend.tests.test_anvisa_cruzamento.TestAnvisaStats" name="test_stats_returns_counts" time="0.106" /></testsuite></testsuites>