<?xml version="1.0" encoding="utf-8"?><testsuites name="pytest tests"><testsuite name="pytest" errors="0" failures="0" skipped="0" tests="12" time="77.667" timestamp="2026-03-09T21:05:26.450333+00:00" hostname="agent-env-0e1e5412-5d07-4de6-8969-20ed2d2fdbec"><testcase classname="backend.tests.test_anvisa_features.TestAnvisaAlertasEndpoint" name="test_alertas_returns_200" time="0.296" /><testcase classname="backend.tests.test_anvisa_features.TestAnvisaAlertasEndpoint" name="test_alertas_returns_alertas_array" time="0.168" /><testcase classname="backend.tests.test_anvisa_features.TestAnvisaAlertasEndpoint" name="test_alertas_returns_estatisticas" time="0.181" /><testcase classname="backend.tests.test_anvisa_features.TestAnvisaAlertasEndpoint" name="test_alert_has_required_fields" time="0.138" /><testcase classname="backend.tests.test_anvisa_features.TestAnvisaAlertasEndpoint" name="test_risco_values_are_valid" time="0.112" /><testcase classname="backend.tests.test_anvisa_features.TestAnvisaStatsEndpoint" name="test_stats_returns_200" time="0.126" /><testcase classname="backend.tests.test_anvisa_features.TestAnvisaStatsEndpoint" name="test_stats_has_required_counts" time="0.121" /><testcase classname="backend.tests.test_anvisa_features.TestAnvisaStatsEndpoint" name="test_stats_has_oportunidades" time="0.122" /><testcase classname="backend.tests.test_anvisa_features.TestAnvisaAtualizarEndpoint" name="test_atualizar_returns_200" time="15.160" /><testcase classname="backend.tests.test_anvisa_features.TestAnvisaAtualizarEndpoint" name="test_atualizar_returns_coletados_processados" time="20.787" /><testcase classname="backend.tests.test_anvisa_features.TestAnvisaAtualizarEndpoint" name="test_atualizar_returns_estatisticas" time="22.218" /><testcase classname="backend.tests.test_anvisa_features.TestAnvisaIntegration" name="test_full_flow_update_then_get_alerts" time="18.170" /></testsuite></testsuites>