<?xml version="1.0" encoding="utf-8"?><testsuites name="pytest tests"><testsuite name="pytest" errors="0" failures="0" skipped="0" tests="12" time="8.938" timestamp="2026-04-20T18:34:54.938808+00:00" hostname="agent-env-e363ded0-ecb0-41cd-ba4e-e116afe8ab63"><testcase classname="backend.tests.test_buscar_medicamento_v3_janela_refactor.TestResponseStructure" name="test_motivo_janela_field_exists" time="4.202" /><testcase classname="backend.tests.test_buscar_medicamento_v3_janela_refactor.TestResponseStructure" name="test_required_fields_present" time="0.000" /><testcase classname="backend.tests.test_buscar_medicamento_v3_janela_refactor.TestResponseStructure" name="test_filtro_temporal_value" time="0.000" /><testcase classname="backend.tests.test_buscar_medicamento_v3_janela_refactor.TestHeparinaJanelaFalse" name="test_janela_aberta_false" time="0.001" /><testcase classname="backend.tests.test_buscar_medicamento_v3_janela_refactor.TestHeparinaJanelaFalse" name="test_motivo_janela_null_when_false" time="0.000" /><testcase classname="backend.tests.test_buscar_medicamento_v3_janela_refactor.TestHeparinaJanelaFalse" name="test_returns_results" time="0.000" /><testcase classname="backend.tests.test_buscar_medicamento_v3_janela_refactor.TestCanabidiolClassification" name="test_returns_results" time="4.674" /><testcase classname="backend.tests.test_buscar_medicamento_v3_janela_refactor.TestCanabidiolClassification" name="test_dama_classification_values_valid" time="0.000" /><testcase classname="backend.tests.test_buscar_medicamento_v3_janela_refactor.TestCanabidiolClassification" name="test_risco_values_valid" time="0.000" /><testcase classname="backend.tests.test_buscar_medicamento_v3_janela_refactor.TestCanabidiolClassification" name="test_motivo_janela_consistent" time="0.000" /><testcase classname="backend.tests.test_buscar_medicamento_v3_janela_refactor.TestRefactorInvariants" name="test_contratacao_direta_does_not_set_janela_flag" time="0.000" /><testcase classname="backend.tests.test_buscar_medicamento_v3_janela_refactor.TestRefactorInvariants" name="test_six_sources_consulted" time="0.000" /></testsuite></testsuites>