<?xml version="1.0" encoding="utf-8"?><testsuites name="pytest tests"><testsuite name="pytest" errors="0" failures="0" skipped="0" tests="7" time="32.852" timestamp="2026-03-17T15:50:10.910125+00:00" hostname="agent-env-d38ef6e0-520c-46f9-8d68-5546c1d0b1e0"><testcase classname="backend.tests.test_esclarecimento.TestEsclarecimentoAPI" name="test_esclarecimento_with_empresa_c1" time="18.160" /><testcase classname="backend.tests.test_esclarecimento.TestEsclarecimentoAPI" name="test_esclarecimento_empty_medicamento_returns_error" time="0.161" /><testcase classname="backend.tests.test_esclarecimento.TestEsclarecimentoAPI" name="test_esclarecimento_without_empresa" time="13.781" /><testcase classname="backend.tests.test_esclarecimento.TestAnvisaAtualizarEndpoint" name="test_atualizar_returns_immediately_with_processando" time="0.235" /><testcase classname="backend.tests.test_esclarecimento.TestAnvisaAlertasSorted" name="test_alertas_sorted_by_indice_oportunidade" time="0.153" /><testcase classname="backend.tests.test_esclarecimento.TestAnvisaAlertasSorted" name="test_alertas_include_required_fields" time="0.164" /><testcase classname="backend.tests.test_esclarecimento.TestEmpresasAPI" name="test_empresas_returns_list" time="0.137" /></testsuite></testsuites>