<?xml version="1.0" encoding="utf-8"?><testsuites name="pytest tests"><testsuite name="pytest" errors="0" failures="0" skipped="0" tests="12" time="1.973" timestamp="2026-04-13T20:22:37.007008+00:00" hostname="agent-env-9b0bb44a-12b7-4eb7-84fe-98ea1841d0ec"><testcase classname="tests.test_email_link_fix.TestEmailLinkFix" name="test_get_alerta_by_id_returns_404_for_nonexistent" time="0.170" /><testcase classname="tests.test_email_link_fix.TestEmailLinkFix" name="test_get_alerta_by_id_returns_full_data" time="0.192" /><testcase classname="tests.test_email_link_fix.TestEmailLinkFix" name="test_prova_documental_pdf_endpoint_returns_pdf" time="0.270" /><testcase classname="tests.test_email_link_fix.TestEmailLinkFix" name="test_prova_documental_pdf_returns_404_for_nonexistent" time="0.108" /><testcase classname="tests.test_email_link_fix.TestLmrAnalysisTrigger" name="test_lmr_analysis_endpoint_exists" time="0.114" /><testcase classname="tests.test_email_link_fix.TestLmrAnalysisTrigger" name="test_lmr_analysis_with_janela_aberta_creates_alert" time="0.168" /><testcase classname="tests.test_email_link_fix.TestNotificacoesEndpoint" name="test_list_alertas_oportunidade" time="0.178" /><testcase classname="tests.test_email_link_fix.TestNotificacoesEndpoint" name="test_mark_alerta_as_read" time="0.228" /><testcase classname="tests.test_email_link_fix.TestNotificacoesEndpoint" name="test_mark_nonexistent_alerta_returns_404" time="0.105" /><testcase classname="tests.test_email_link_fix.TestRadarLmrEndpoint" name="test_lmr_analysis_list" time="0.121" /><testcase classname="tests.test_email_link_fix.TestCacheEndpoints" name="test_cache_stats" time="0.125" /><testcase classname="tests.test_email_link_fix.TestCacheEndpoints" name="test_cache_clear" time="0.126" /></testsuite></testsuites>