<?xml version="1.0" encoding="utf-8"?><testsuites name="pytest tests"><testsuite name="pytest" errors="0" failures="0" skipped="0" tests="6" time="132.480" timestamp="2026-03-17T20:35:10.581549+00:00" hostname="agent-env-f6118aa8-f34d-4aa6-8bb9-788fa234965e"><testcase classname="backend.tests.test_trend_charts.TestTrendChartsBackend" name="test_precos_search_returns_tendencia_field" time="10.850" /><testcase classname="backend.tests.test_trend_charts.TestTrendChartsBackend" name="test_tendencia_data_structure" time="24.538" /><testcase classname="backend.tests.test_trend_charts.TestTrendChartsBackend" name="test_tendencia_values_make_sense" time="20.371" /><testcase classname="backend.tests.test_trend_charts.TestTrendChartsBackend" name="test_tendencia_months_are_sorted" time="20.938" /><testcase classname="backend.tests.test_trend_charts.TestTrendChartsBackend" name="test_period_filter_affects_tendencia" time="42.727" /><testcase classname="backend.tests.test_trend_charts.TestTrendChartsBackend" name="test_different_search_term_returns_tendencia" time="12.992" /></testsuite></testsuites>