<?xml version="1.0" encoding="utf-8"?><testsuites name="pytest tests"><testsuite name="pytest" errors="0" failures="0" skipped="0" tests="8" time="19.261" timestamp="2026-03-09T18:26:46.722213+00:00" hostname="agent-env-41394db3-a2e3-429c-a07f-2d323bfa3bce"><testcase classname="backend.tests.test_gsm_v78_independente.TestGSMV78IndependenteBackend" name="test_search_unified_canabidiol_returns_correct_sources" time="3.495" /><testcase classname="backend.tests.test_gsm_v78_independente.TestGSMV78IndependenteBackend" name="test_no_link_contains_conlicitacao" time="1.624" /><testcase classname="backend.tests.test_gsm_v78_independente.TestGSMV78IndependenteBackend" name="test_editais_itens_endpoint_returns_real_items" time="0.641" /><testcase classname="backend.tests.test_gsm_v78_independente.TestGSMV78IndependenteBackend" name="test_editais_arquivos_endpoint" time="0.686" /><testcase classname="backend.tests.test_gsm_v78_independente.TestGSMV78IndependenteBackend" name="test_link_pdf_is_real_download" time="4.056" /><testcase classname="backend.tests.test_gsm_v78_independente.TestGSMV78IndependenteBackend" name="test_search_insulina_returns_results" time="2.459" /><testcase classname="backend.tests.test_gsm_v78_independente.TestGSMV78LinkValidation" name="test_all_results_have_government_links" time="4.155" /><testcase classname="backend.tests.test_gsm_v78_independente.TestGSMV78MotorIndependente" name="test_motor_buscar_returns_correct_structure" time="2.078" /></testsuite></testsuites>