<?xml version="1.0" encoding="utf-8"?><testsuites name="pytest tests"><testsuite name="pytest" errors="0" failures="0" skipped="0" tests="14" time="36.779" timestamp="2026-04-13T18:46:55.613032+00:00" hostname="agent-env-9b0bb44a-12b7-4eb7-84fe-98ea1841d0ec"><testcase classname="tests.test_smart_cache_notifications.TestSmartCacheFeature" name="test_cache_stats_endpoint_returns_both_caches" time="0.231" /><testcase classname="tests.test_smart_cache_notifications.TestSmartCacheFeature" name="test_lmr_analysis_first_call_is_miss" time="0.499" /><testcase classname="tests.test_smart_cache_notifications.TestSmartCacheFeature" name="test_lmr_analysis_second_call_is_hit" time="0.643" /><testcase classname="tests.test_smart_cache_notifications.TestSmartCacheFeature" name="test_lmr_analise_medicamento_uses_cache" time="0.609" /><testcase classname="tests.test_smart_cache_notifications.TestSmartCacheFeature" name="test_anvisa_buscar_medicamento_uses_smart_cache" time="14.315" /><testcase classname="tests.test_smart_cache_notifications.TestSmartCacheFeature" name="test_cache_clear_clears_both_caches" time="6.548" /><testcase classname="tests.test_smart_cache_notifications.TestNotificationsFeature" name="test_get_notificacoes_oportunidades" time="0.116" /><testcase classname="tests.test_smart_cache_notifications.TestNotificationsFeature" name="test_notificacoes_with_limite_param" time="0.120" /><testcase classname="tests.test_smart_cache_notifications.TestNotificationsFeature" name="test_marcar_alerta_lida_nonexistent" time="0.110" /><testcase classname="tests.test_smart_cache_notifications.TestLmrAlertTrigger" name="test_lmr_analise_medicamento_response_structure" time="0.135" /><testcase classname="tests.test_smart_cache_notifications.TestLmrAlertTrigger" name="test_lmr_analysis_endpoint" time="0.141" /><testcase classname="tests.test_smart_cache_notifications.TestProvaDocumentalWithLmr" name="test_prova_documental_with_analise_lmr" time="0.228" /><testcase classname="tests.test_smart_cache_notifications.TestProvaDocumentalWithLmr" name="test_prova_documental_without_analise_lmr" time="0.129" /><testcase classname="tests.test_smart_cache_notifications.TestCacheStatsNamespaces" name="test_smart_cache_namespaces" time="12.868" /></testsuite></testsuites>