<?xml version="1.0" encoding="utf-8"?><testsuites name="pytest tests"><testsuite name="pytest" errors="0" failures="0" skipped="0" tests="19" time="8.189" timestamp="2026-01-15T17:39:56.248360+00:00" hostname="agent-env-89a65f3a-b22d-4702-beda-9e77b670d8b8"><testcase classname="tests.test_backend_gsm.TestHealthAndBasics" name="test_listas_endpoint_returns_200" time="0.078" /><testcase classname="tests.test_backend_gsm.TestHealthAndBasics" name="test_radares_endpoint_returns_200" time="0.044" /><testcase classname="tests.test_backend_gsm.TestRadaresCRUD" name="test_create_radar" time="0.101" /><testcase classname="tests.test_backend_gsm.TestRadaresCRUD" name="test_create_and_get_radar" time="0.129" /><testcase classname="tests.test_backend_gsm.TestRadaresCRUD" name="test_update_radar" time="0.185" /><testcase classname="tests.test_backend_gsm.TestRadaresCRUD" name="test_delete_radar" time="0.167" /><testcase classname="tests.test_backend_gsm.TestRadaresCRUD" name="test_create_radar_missing_email" time="0.043" /><testcase classname="tests.test_backend_gsm.TestRadaresCRUD" name="test_radar_frequency_options" time="0.255" /><testcase classname="tests.test_backend_gsm.TestPrecosSearch" name="test_precos_search_basic" time="0.042" /><testcase classname="tests.test_backend_gsm.TestPrecosSearch" name="test_precos_search_with_limit" time="0.039" /><testcase classname="tests.test_backend_gsm.TestPrecosSearch" name="test_precos_search_result_structure" time="0.046" /><testcase classname="tests.test_backend_gsm.TestSearchLocal" name="test_search_by_medicamento" time="1.913" /><testcase classname="tests.test_backend_gsm.TestSearchLocal" name="test_search_by_municipio" time="0.039" /><testcase classname="tests.test_backend_gsm.TestSearchLocal" name="test_search_by_uf" time="2.284" /><testcase classname="tests.test_backend_gsm.TestSearchLocal" name="test_search_combined_filters" time="1.217" /><testcase classname="tests.test_backend_gsm.TestSearchLocal" name="test_search_result_structure" time="1.371" /><testcase classname="tests.test_backend_gsm.TestListas" name="test_list_listas" time="0.045" /><testcase classname="tests.test_backend_gsm.TestListas" name="test_lista_structure" time="0.045" /><testcase classname="tests.test_backend_gsm.TestCleanup" name="test_cleanup_test_radares" time="0.044" /></testsuite></testsuites>