<?xml version="1.0" encoding="utf-8"?><testsuites name="pytest tests"><testsuite name="pytest" errors="0" failures="0" skipped="0" tests="10" time="15.125" timestamp="2026-03-06T18:56:59.418846+00:00" hostname="agent-env-41394db3-a2e3-429c-a07f-2d323bfa3bce"><testcase classname="backend.tests.test_gsm_v76.TestSearchUnified" name="test_search_canabidiol_returns_results" time="1.783" /><testcase classname="backend.tests.test_gsm_v76.TestSearchUnified" name="test_search_canabidiol_clone_source" time="3.525" /><testcase classname="backend.tests.test_gsm_v76.TestSearchUnified" name="test_search_canabidiol_result_fields" time="2.583" /><testcase classname="backend.tests.test_gsm_v76.TestSearchUnified" name="test_search_insulina_returns_results" time="2.224" /><testcase classname="backend.tests.test_gsm_v76.TestCloneStatus" name="test_clone_status_has_editais" time="0.146" /><testcase classname="backend.tests.test_gsm_v76.TestCloneStatus" name="test_clone_status_has_portais" time="0.192" /><testcase classname="backend.tests.test_gsm_v76.TestCloneStatus" name="test_clone_status_independente_flag" time="0.173" /><testcase classname="backend.tests.test_gsm_v76.TestSearchFilters" name="test_search_with_uf_filter" time="2.047" /><testcase classname="backend.tests.test_gsm_v76.TestSearchFilters" name="test_search_pagination" time="2.258" /><testcase classname="backend.tests.test_gsm_v76.TestAPIHealth" name="test_root_endpoint" time="0.133" /></testsuite></testsuites>