<?xml version="1.0" encoding="utf-8"?><testsuites name="pytest tests"><testsuite name="pytest" errors="0" failures="0" skipped="0" tests="10" time="77.519" timestamp="2026-03-13T19:20:24.157415+00:00" hostname="agent-env-0e1e5412-5d07-4de6-8969-20ed2d2fdbec"><testcase classname="backend.tests.test_anvisa_v3_janela.TestAnvisaV3JanelaAtualizarEndpoint" name="test_atualizar_returns_coletados_from_3_sources" time="35.840" /><testcase classname="backend.tests.test_anvisa_v3_janela.TestAnvisaV3JanelaAtualizarEndpoint" name="test_atualizar_returns_janelas_abertas_stat" time="39.182" /><testcase classname="backend.tests.test_anvisa_v3_janela.TestAnvisaV3AlertasEndpoint" name="test_alertas_have_required_v3_fields" time="0.220" /><testcase classname="backend.tests.test_anvisa_v3_janela.TestAnvisaV3AlertasEndpoint" name="test_alertas_sorted_by_indice_oportunidade_desc" time="0.171" /><testcase classname="backend.tests.test_anvisa_v3_janela.TestAnvisaV3AlertasEndpoint" name="test_indice_oportunidade_range_0_100" time="0.158" /><testcase classname="backend.tests.test_anvisa_v3_janela.TestAnvisaV3AlertasEndpoint" name="test_janela_importacao_is_boolean" time="0.117" /><testcase classname="backend.tests.test_anvisa_v3_janela.TestAnvisaV3AlertasEndpoint" name="test_gatilhos_structure" time="0.143" /><testcase classname="backend.tests.test_anvisa_v3_janela.TestAnvisaV3CruzarLicitacoes" name="test_cruzar_uses_new_field_names" time="1.364" /><testcase classname="backend.tests.test_anvisa_v3_janela.TestAnvisaV3Stats" name="test_stats_includes_janelas_abertas" time="0.138" /><testcase classname="backend.tests.test_anvisa_v3_janela.TestAnvisaV3Fontes" name="test_alertas_show_fonte" time="0.133" /></testsuite></testsuites>