<?xml version="1.0" encoding="utf-8"?><testsuites name="pytest tests"><testsuite name="pytest" errors="0" failures="0" skipped="0" tests="9" time="39.427" timestamp="2026-03-10T20:54:13.704281+00:00" hostname="agent-env-0e1e5412-5d07-4de6-8969-20ed2d2fdbec"><testcase classname="backend.tests.test_anvisa_v20_structured_fields.TestAnvisaAtualizarEndpoint" name="test_atualizar_returns_processados_and_estatisticas" time="25.931" /><testcase classname="backend.tests.test_anvisa_v20_structured_fields.TestAnvisaAlertasEndpoint" name="test_alertas_have_structured_fields" time="0.202" /><testcase classname="backend.tests.test_anvisa_v20_structured_fields.TestAnvisaAlertasEndpoint" name="test_alertas_sorted_by_indice_oportunidade_desc" time="0.164" /><testcase classname="backend.tests.test_anvisa_v20_structured_fields.TestAnvisaAlertasEndpoint" name="test_indice_oportunidade_is_number_0_to_100" time="0.168" /><testcase classname="backend.tests.test_anvisa_v20_structured_fields.TestAnvisaAlertasEndpoint" name="test_gatilhos_is_array_with_correct_structure" time="0.170" /><testcase classname="backend.tests.test_anvisa_v20_structured_fields.TestAnvisaAlertasEndpoint" name="test_tipo_alerta_has_specific_types" time="0.167" /><testcase classname="backend.tests.test_anvisa_v20_structured_fields.TestAnvisaCruzarLicitacoesEndpoint" name="test_cruzamento_items_have_new_fields" time="6.535" /><testcase classname="backend.tests.test_anvisa_v20_structured_fields.TestAnvisaCruzarLicitacoesEndpoint" name="test_resumo_has_expected_fields" time="5.533" /><testcase classname="backend.tests.test_anvisa_v20_structured_fields.TestAnvisaStatsEndpoint" name="test_stats_include_new_fields" time="0.482" /></testsuite></testsuites>