<?xml version="1.0" encoding="utf-8"?><testsuites name="pytest tests"><testsuite name="pytest" errors="0" failures="1" skipped="0" tests="7" time="242.407" timestamp="2026-03-17T20:14:07.540040+00:00" hostname="agent-env-f6118aa8-f34d-4aa6-8bb9-788fa234965e"><testcase classname="backend.tests.test_precos_period_filter.TestPrecosPeriodFilter" name="test_precos_search_default_12_months" time="58.648" /><testcase classname="backend.tests.test_precos_period_filter.TestPrecosPeriodFilter" name="test_precos_search_3_months_vs_24_months" time="49.895" /><testcase classname="backend.tests.test_precos_period_filter.TestPrecosPeriodFilter" name="test_precos_search_6_months" time="23.788" /><testcase classname="backend.tests.test_precos_period_filter.TestPrecosPeriodFilter" name="test_precos_search_all_valid_periods" time="86.340"><failure message="AssertionError: 18m (14) should be &lt;= 24m (12)&#10;assert 14 &lt;= 12">backend/tests/test_precos_period_filter.py:101: in test_precos_search_all_valid_periods
    assert results[p1] &lt;= results[p2], f"{p1}m ({results[p1]}) should be &lt;= {p2}m ({results[p2]})"
E   AssertionError: 18m (14) should be &lt;= 24m (12)
E   assert 14 &lt;= 12</failure></testcase><testcase classname="backend.tests.test_precos_period_filter.TestPrecosPeriodFilter" name="test_precos_export_excel_with_meses" time="11.679" /><testcase classname="backend.tests.test_precos_period_filter.TestPrecosPeriodFilter" name="test_precos_export_excel_24_months" time="11.600" /><testcase classname="backend.tests.test_precos_period_filter.TestPrecosPeriodFilter" name="test_precos_search_invalid_meses_rejected" time="0.367" /></testsuite></testsuites>