<?xml version="1.0" encoding="utf-8"?><testsuites name="pytest tests"><testsuite name="pytest" errors="0" failures="0" skipped="0" tests="12" time="2.718" timestamp="2026-04-15T21:22:29.775575+00:00" hostname="agent-env-7222797f-e164-4f8f-b19f-43a9727d3f72"><testcase classname="backend.tests.test_radar_farmaceutico.TestRadarFarmaceuticoListaInteresse" name="test_get_lista_interesse_returns_seeded_items" time="0.302" /><testcase classname="backend.tests.test_radar_farmaceutico.TestRadarFarmaceuticoListaInteresse" name="test_lista_interesse_item_structure" time="0.172" /><testcase classname="backend.tests.test_radar_farmaceutico.TestRadarFarmaceuticoListaInteresse" name="test_post_add_new_interesse" time="0.144" /><testcase classname="backend.tests.test_radar_farmaceutico.TestRadarFarmaceuticoListaInteresse" name="test_post_add_interesse_requires_medicamento" time="0.230" /><testcase classname="backend.tests.test_radar_farmaceutico.TestRadarFarmaceuticoListaInteresse" name="test_delete_interesse" time="0.669" /><testcase classname="backend.tests.test_radar_farmaceutico.TestRadarFarmaceuticoListaInteresse" name="test_delete_nonexistent_returns_404" time="0.208" /><testcase classname="backend.tests.test_radar_farmaceutico.TestRadarFarmaceuticoStats" name="test_get_stats_returns_correct_structure" time="0.146" /><testcase classname="backend.tests.test_radar_farmaceutico.TestRadarFarmaceuticoScan" name="test_post_scan_triggers_background_scan" time="0.161" /><testcase classname="backend.tests.test_radar_farmaceutico.TestRadarFarmaceuticoDesabastecimento" name="test_get_desabastecimento_returns_list" time="0.132" /><testcase classname="backend.tests.test_radar_farmaceutico.TestRadarFarmaceuticoSeed" name="test_post_seed_returns_ja_existente" time="0.122" /><testcase classname="backend.tests.test_radar_farmaceutico.TestLmrIntegrationWithDesabastecimento" name="test_lmr_service_checks_desabastecimento" time="0.115" /><testcase classname="backend.tests.test_radar_farmaceutico.TestCleanup" name="test_cleanup_test_items" time="0.248" /></testsuite></testsuites>