<?xml version="1.0" encoding="utf-8"?><testsuites name="pytest tests"><testsuite name="pytest" errors="0" failures="0" skipped="0" tests="14" time="2.019" timestamp="2026-04-13T21:24:46.956467+00:00" hostname="agent-env-9b0bb44a-12b7-4eb7-84fe-98ea1841d0ec"><testcase classname="backend.tests.test_lmr_category_margins.TestLMRCategoryMargins" name="test_biologico_margin_is_21" time="0.188" /><testcase classname="backend.tests.test_lmr_category_margins.TestLMRCategoryMargins" name="test_sintetico_margin_is_20_5" time="0.196" /><testcase classname="backend.tests.test_lmr_category_margins.TestLMRCategoryMargins" name="test_biologico_vs_sintetico_different_margins" time="0.220" /><testcase classname="backend.tests.test_lmr_category_margins.TestLMRCategoryMargins" name="test_generico_margin" time="0.105" /><testcase classname="backend.tests.test_lmr_category_margins.TestLMRCategoryMargins" name="test_similar_margin" time="0.112" /><testcase classname="backend.tests.test_lmr_category_margins.TestLMRCategoryMargins" name="test_excepcional_margin" time="0.101" /><testcase classname="backend.tests.test_lmr_category_margins.TestLMRAnalysisEndpoint" name="test_lmr_analysis_list" time="0.157" /><testcase classname="backend.tests.test_lmr_category_margins.TestLMRAnalysisEndpoint" name="test_lmr_analysis_response_structure" time="0.122" /><testcase classname="backend.tests.test_lmr_category_margins.TestNotificationsEndpoint" name="test_notifications_list" time="0.174" /><testcase classname="backend.tests.test_lmr_category_margins.TestNotificationsEndpoint" name="test_get_alert_by_id" time="0.119" /><testcase classname="backend.tests.test_lmr_category_margins.TestNotificationsEndpoint" name="test_get_nonexistent_alert" time="0.100" /><testcase classname="backend.tests.test_lmr_category_margins.TestExistingEndpoints" name="test_empresas_list" time="0.119" /><testcase classname="backend.tests.test_lmr_category_margins.TestExistingEndpoints" name="test_listas_list" time="0.124" /><testcase classname="backend.tests.test_lmr_category_margins.TestExistingEndpoints" name="test_radares_list" time="0.114" /></testsuite></testsuites>