<?xml version="1.0" encoding="utf-8"?><testsuites name="pytest tests"><testsuite name="pytest" errors="0" failures="0" skipped="0" tests="10" time="191.886" timestamp="2026-03-17T19:19:53.443311+00:00" hostname="agent-env-f6118aa8-f34d-4aa6-8bb9-788fa234965e"><testcase classname="backend.tests.test_precos_pncp_integration.TestPrecosSearchPNCP" name="test_prolia_search_returns_many_results" time="22.337" /><testcase classname="backend.tests.test_precos_pncp_integration.TestPrecosSearchPNCP" name="test_apresentacoes_has_different_dosages" time="22.395" /><testcase classname="backend.tests.test_precos_pncp_integration.TestPrecosSearchPNCP" name="test_120mg_presentation_exists_with_higher_prices" time="20.840" /><testcase classname="backend.tests.test_precos_pncp_integration.TestPrecosSearchPNCP" name="test_outlier_filtering_no_extreme_values" time="22.857" /><testcase classname="backend.tests.test_precos_pncp_integration.TestPrecosSearchPNCP" name="test_realistic_average_price" time="22.369" /><testcase classname="backend.tests.test_precos_pncp_integration.TestPrecosSearchPNCP" name="test_no_429_errors_in_response" time="20.784" /><testcase classname="backend.tests.test_precos_pncp_integration.TestPrecosSearchPNCP" name="test_agregacoes_format_correct" time="22.118" /><testcase classname="backend.tests.test_precos_pncp_integration.TestPrecosSearchPNCP" name="test_apresentacoes_structure" time="21.482" /><testcase classname="backend.tests.test_precos_pncp_integration.TestPrecosSearchValidation" name="test_empty_query_returns_error" time="0.146" /><testcase classname="backend.tests.test_precos_pncp_integration.TestPrecosSearchValidation" name="test_uf_filter_works" time="16.489" /></testsuite></testsuites>