<?xml version="1.0" encoding="utf-8"?><testsuites name="pytest tests"><testsuite name="pytest" errors="0" failures="0" skipped="0" tests="11" time="6.222" timestamp="2026-02-26T20:48:27.717475+00:00" hostname="agent-env-af0f3ff0-64c4-4850-bff9-a145e413cb2d"><testcase classname="backend.tests.test_unified_search.TestUnifiedSearchEndpoint" name="test_api_health" time="0.168" /><testcase classname="backend.tests.test_unified_search.TestUnifiedSearchEndpoint" name="test_search_insulina_returns_results" time="0.782" /><testcase classname="backend.tests.test_unified_search.TestUnifiedSearchEndpoint" name="test_search_response_has_required_fields" time="0.760" /><testcase classname="backend.tests.test_unified_search.TestUnifiedSearchEndpoint" name="test_pncp_tempo_real_is_positive" time="0.781" /><testcase classname="backend.tests.test_unified_search.TestUnifiedSearchEndpoint" name="test_link_documento_contains_pncp" time="0.752" /><testcase classname="backend.tests.test_unified_search.TestUnifiedSearchEndpoint" name="test_search_canabidiol_multi_source" time="0.841" /><testcase classname="backend.tests.test_unified_search.TestUnifiedSearchEndpoint" name="test_portal_captura_shows_pncp" time="0.859" /><testcase classname="backend.tests.test_unified_search.TestUnifiedSearchEndpoint" name="test_short_query_returns_400" time="0.143" /><testcase classname="backend.tests.test_unified_search.TestUnifiedSearchEndpoint" name="test_empty_query_returns_400" time="0.123" /><testcase classname="backend.tests.test_unified_search.TestNoEffectiReferences" name="test_root_endpoint_no_effecti" time="0.171" /><testcase classname="backend.tests.test_unified_search.TestNoEffectiReferences" name="test_search_results_no_effecti" time="0.781" /></testsuite></testsuites>