<?xml version="1.0" encoding="utf-8"?><testsuites name="pytest tests"><testsuite name="pytest" errors="0" failures="0" skipped="0" tests="11" time="87.367" timestamp="2026-03-16T21:38:48.967570+00:00" hostname="agent-env-d38ef6e0-520c-46f9-8d68-5546c1d0b1e0"><testcase classname="tests.test_anvisa_card_layout.TestAnvisaAlertas" name="test_alertas_endpoint_returns_200" time="0.223" /><testcase classname="tests.test_anvisa_card_layout.TestAnvisaAlertas" name="test_alertas_has_required_structure" time="0.215" /><testcase classname="tests.test_anvisa_card_layout.TestAnvisaAlertas" name="test_alertas_have_medicamento_detectado" time="0.116" /><testcase classname="tests.test_anvisa_card_layout.TestAnvisaAlertas" name="test_medicine_names_are_clean_single_names" time="0.116" /><testcase classname="tests.test_anvisa_card_layout.TestAnvisaAlertas" name="test_alertas_have_required_fields_for_card" time="0.181" /><testcase classname="tests.test_anvisa_card_layout.TestAnvisaAlertas" name="test_alertas_have_janela_importacao_flag" time="0.174" /><testcase classname="tests.test_anvisa_card_layout.TestAnvisaStats" name="test_stats_has_required_fields" time="0.149" /><testcase classname="tests.test_anvisa_card_layout.TestAnvisaStats" name="test_stats_values_are_numbers" time="0.176" /><testcase classname="tests.test_anvisa_card_layout.TestAnvisaAtualizar" name="test_atualizar_endpoint_accessible" time="51.579" /><testcase classname="tests.test_anvisa_card_layout.TestAnvisaAtualizar" name="test_atualizar_returns_stats" time="34.219" /><testcase classname="tests.test_anvisa_card_layout.TestAnvisaStatsEndpoint" name="test_stats_endpoint_returns_200" time="0.159" /></testsuite></testsuites>