<?xml version="1.0" encoding="utf-8"?><testsuites name="pytest tests"><testsuite name="pytest" errors="0" failures="0" skipped="0" tests="9" time="57.584" timestamp="2026-03-19T22:20:57.360617+00:00" hostname="agent-env-e363ded0-ecb0-41cd-ba4e-e116afe8ab63"><testcase classname="backend.tests.test_buscar_medicamento.TestBuscarMedicamentoEndpoint" name="test_buscar_medicamento_ravulizumabe_returns_dou_results" time="6.111" /><testcase classname="backend.tests.test_buscar_medicamento.TestBuscarMedicamentoEndpoint" name="test_buscar_medicamento_canabidiol_returns_multiple_results" time="5.242" /><testcase classname="backend.tests.test_buscar_medicamento.TestBuscarMedicamentoEndpoint" name="test_buscar_medicamento_invalid_term_returns_empty" time="4.988" /><testcase classname="backend.tests.test_buscar_medicamento.TestBuscarMedicamentoEndpoint" name="test_buscar_medicamento_short_query_validation" time="8.238" /><testcase classname="backend.tests.test_buscar_medicamento.TestBuscarMedicamentoEndpoint" name="test_buscar_medicamento_missing_query_returns_error" time="0.173" /><testcase classname="backend.tests.test_buscar_medicamento.TestBuscarMedicamentoResponseStructure" name="test_resultado_has_required_fields" time="5.814" /><testcase classname="backend.tests.test_buscar_medicamento.TestBuscarMedicamentoResponseStructure" name="test_fontes_consultadas_structure" time="11.725" /><testcase classname="backend.tests.test_buscar_medicamento.TestBuscarMedicamentoTipoAlerta" name="test_tipo_alerta_values" time="7.962" /><testcase classname="backend.tests.test_buscar_medicamento.TestBuscarMedicamentoPerformance" name="test_search_completes_within_timeout" time="7.259" /></testsuite></testsuites>