<?xml version="1.0" encoding="utf-8"?><testsuites name="pytest tests"><testsuite name="pytest" errors="0" failures="0" skipped="0" tests="18" time="358.122" timestamp="2026-03-17T19:57:19.792753+00:00" hostname="agent-env-f6118aa8-f34d-4aa6-8bb9-788fa234965e"><testcase classname="tests.test_precos_export_excel.TestPrecosExportExcel" name="test_export_excel_returns_200" time="21.730" /><testcase classname="tests.test_precos_export_excel.TestPrecosExportExcel" name="test_export_excel_content_type" time="21.352" /><testcase classname="tests.test_precos_export_excel.TestPrecosExportExcel" name="test_export_excel_content_disposition" time="20.476" /><testcase classname="tests.test_precos_export_excel.TestPrecosExportExcel" name="test_export_excel_valid_xlsx" time="21.054" /><testcase classname="tests.test_precos_export_excel.TestPrecosExportExcel" name="test_export_excel_has_resumo_sheet" time="20.941" /><testcase classname="tests.test_precos_export_excel.TestPrecosExportExcel" name="test_export_excel_multiple_sheets" time="21.278" /><testcase classname="tests.test_precos_export_excel.TestPrecosExportExcel" name="test_resumo_sheet_has_title" time="20.911" /><testcase classname="tests.test_precos_export_excel.TestPrecosExportExcel" name="test_resumo_sheet_has_search_term" time="23.081" /><testcase classname="tests.test_precos_export_excel.TestPrecosExportExcel" name="test_resumo_sheet_has_date" time="22.844" /><testcase classname="tests.test_precos_export_excel.TestPrecosExportExcel" name="test_resumo_sheet_has_big_numbers" time="20.832" /><testcase classname="tests.test_precos_export_excel.TestPrecosExportExcel" name="test_resumo_sheet_has_presentations_table" time="21.580" /><testcase classname="tests.test_precos_export_excel.TestPrecosExportExcel" name="test_presentation_sheets_exist" time="27.427" /><testcase classname="tests.test_precos_export_excel.TestPrecosExportExcel" name="test_presentation_sheet_has_header_stats" time="23.470" /><testcase classname="tests.test_precos_export_excel.TestPrecosExportExcel" name="test_presentation_sheet_has_data_table" time="24.717" /><testcase classname="tests.test_precos_export_excel.TestPrecosExportExcel" name="test_presentation_sheet_has_data_rows" time="23.916" /><testcase classname="tests.test_precos_export_excel.TestPrecosExportExcel" name="test_export_excel_with_uf_filter" time="18.125" /><testcase classname="tests.test_precos_export_excel.TestPrecosExportEdgeCases" name="test_export_excel_missing_query" time="0.134" /><testcase classname="tests.test_precos_export_excel.TestPrecosExportEdgeCases" name="test_export_excel_empty_results" time="4.166" /></testsuite></testsuites>